<?xml version="1.0" encoding="UTF-8"?>
<testsuites name="CRITICAL PATH - 07-05-2019" time="850" tests="3" failures="0" errors="0">
   <testsuite name="CRITICAL PATH - 07-05-2019" tests="3" failures="0" errors="0" time="850" timestamp="2019-05-07 18:04:47" hostname="sumankompelly - 10.0.126.233" id="Test Suites/CRITICAL PATH - 07-05-2019">
      <properties>
         <property name="deviceName" value=""/>
         <property name="devicePlatform" value=""/>
         <property name="logFolder" value="/Users/sumankompelly/git/SAKARA/Reports/CRITICAL PATH - 07-05-2019/20190507_180445"/>
         <property name="logFiles" value="/Users/sumankompelly/git/SAKARA/Reports/CRITICAL PATH - 07-05-2019/20190507_180445/execution0.log"/>
         <property name="attachments" value=""/>
         <property name="hostName" value="sumankompelly - 10.0.126.233"/>
         <property name="os" value="Mac OS X 64bit"/>
         <property name="katalonVersion" value="5.10.1.1"/>
         <property name="browser" value="Chrome 74.0.3729.131"/>
         <property name="hostAddress" value="10.0.126.233"/>
         <property name="sessionId" value="4bd53e159fc274c0f9c6493ded162285"/>
         <property name="seleniumVersion" value="3.7.1"/>
         <property name="proxyInformation" value="ProxyInformation{proxyOption=NO_PROXY, proxyServerType=HTTP, password=, proxyServerAddress=, proxyServerPort=0}"/>
         <property name="platform" value="Mac OS X"/>
      </properties>
      <testcase name="Test Cases/CRITICAL PATH/Critical path" classname="Test Cases/CRITICAL PATH/Critical path" status="PASSED">
         <system-out><![CDATA[2019-05-07 18:04:47 - [TEST_CASE][PASSED] - Test Cases/CRITICAL PATH/Critical path: Test Cases/CRITICAL PATH/Critical path

2019-05-07 18:04:48 - [TEST_STEP][PASSED] - openBrowser(""): Browser is opened with url: ''

2019-05-07 18:04:49 - [MESSAGE][INFO] - Starting 'Chrome' driver

2019-05-07 18:04:49 - [MESSAGE][INFO] - Action delay is set to 1 seconds

2019-05-07 18:04:53 - [MESSAGE][PASSED] - Browser is opened with url: ''

2019-05-07 18:04:53 - [TEST_STEP][PASSED] - navigateToUrl("https://www.sakara.com/"): Navigate to 'https://www.sakara.com/' successfully

2019-05-07 18:04:56 - [MESSAGE][PASSED] - Navigate to 'https://www.sakara.com/' successfully

2019-05-07 18:04:56 - [TEST_STEP][PASSED] - maximizeWindow(): Current window maximized

2019-05-07 18:04:59 - [MESSAGE][PASSED] - Current window maximized

2019-05-07 18:04:59 - [TEST_STEP][PASSED] - click(findTestObject("Object Repository/SAKARA/Page_100 plant-based organic ready-/div_Create an account_privy-di")): Object: 'Object Repository/SAKARA/Page_100 plant-based organic ready-/div_Create an account_privy-di' is clicked on

2019-05-07 18:05:09 - [MESSAGE][PASSED] - Object: 'Object Repository/SAKARA/Page_100 plant-based organic ready-/div_Create an account_privy-di' is clicked on

2019-05-07 18:05:09 - [TEST_STEP][PASSED] - click(findTestObject("Object Repository/SAKARA/Page_100 plant-based organic ready-/a_Next Weeks Menu")): Object: 'Object Repository/SAKARA/Page_100 plant-based organic ready-/a_Next Weeks Menu' is clicked on

2019-05-07 18:05:12 - [MESSAGE][PASSED] - Object: 'Object Repository/SAKARA/Page_100 plant-based organic ready-/a_Next Weeks Menu' is clicked on

2019-05-07 18:05:12 - [TEST_STEP][PASSED] - click(findTestObject("Object Repository/SAKARA/Page_Next weeks menu  Sakara Life/a_Order Now")): Object: 'Object Repository/SAKARA/Page_Next weeks menu  Sakara Life/a_Order Now' is clicked on

2019-05-07 18:05:17 - [MESSAGE][PASSED] - Object: 'Object Repository/SAKARA/Page_Next weeks menu  Sakara Life/a_Order Now' is clicked on

2019-05-07 18:05:17 - [TEST_STEP][PASSED] - setText(findTestObject("Object Repository/SAKARA/Page_OMD Order  Sakara Life/input"), "07057"): Text '07057' is set on object 'Object Repository/SAKARA/Page_OMD Order  Sakara Life/input'

2019-05-07 18:05:21 - [MESSAGE][PASSED] - Text '07057' is set on object 'Object Repository/SAKARA/Page_OMD Order  Sakara Life/input'

2019-05-07 18:05:21 - [TEST_STEP][PASSED] - click(findTestObject("Object Repository/SAKARA/Page_OMD Order  Sakara Life/span_Program Length_o-radio__c")): Object: 'Object Repository/SAKARA/Page_OMD Order  Sakara Life/span_Program Length_o-radio__c' is clicked on

2019-05-07 18:05:23 - [MESSAGE][PASSED] - Object: 'Object Repository/SAKARA/Page_OMD Order  Sakara Life/span_Program Length_o-radio__c' is clicked on

2019-05-07 18:05:23 - [TEST_STEP][PASSED] - click(findTestObject("Object Repository/SAKARA/Page_OMD Order  Sakara Life/span_Weekly Subscription_o-rad")): Object: 'Object Repository/SAKARA/Page_OMD Order  Sakara Life/span_Weekly Subscription_o-rad' is clicked on

2019-05-07 18:05:25 - [MESSAGE][PASSED] - Object: 'Object Repository/SAKARA/Page_OMD Order  Sakara Life/span_Weekly Subscription_o-rad' is clicked on

2019-05-07 18:05:25 - [TEST_STEP][PASSED] - selectOptionByValue(findTestObject("Object Repository/SAKARA/Page_OMD Order  Sakara Life/select_Monday May 13thMonday M"), "Mon May 20 2019 00:00:00 GMT-0400", true): All options with value 'Mon May 20 2019 00:00:00 GMT-0400' are selected in object 'Object Repository/SAKARA/Page_OMD Order  Sakara Life/select_Monday May 13thMonday M'  using regular expression

2019-05-07 18:05:42 - [MESSAGE][PASSED] - All options with value 'Mon May 20 2019 00:00:00 GMT-0400' are selected in object 'Object Repository/SAKARA/Page_OMD Order  Sakara Life/select_Monday May 13thMonday M'  using regular expression

2019-05-07 18:05:42 - [TEST_STEP][PASSED] - click(findTestObject("Object Repository/SAKARA/Page_OMD Order  Sakara Life/button_Add to cart")): Object: 'Object Repository/SAKARA/Page_OMD Order  Sakara Life/button_Add to cart' is clicked on

2019-05-07 18:05:44 - [MESSAGE][PASSED] - Object: 'Object Repository/SAKARA/Page_OMD Order  Sakara Life/button_Add to cart' is clicked on

2019-05-07 18:05:44 - [TEST_STEP][PASSED] - click(findTestObject("Object Repository/SAKARA/Page_OMD Order  Sakara Life/span_Daily Probiotics_o-radio_")): Object: 'Object Repository/SAKARA/Page_OMD Order  Sakara Life/span_Daily Probiotics_o-radio_' is clicked on

2019-05-07 18:05:46 - [MESSAGE][PASSED] - Object: 'Object Repository/SAKARA/Page_OMD Order  Sakara Life/span_Daily Probiotics_o-radio_' is clicked on

2019-05-07 18:05:46 - [TEST_STEP][PASSED] - click(findTestObject("Object Repository/SAKARA/Page_OMD Order  Sakara Life/span_Beauty Chocolates_o-radio")): Object: 'Object Repository/SAKARA/Page_OMD Order  Sakara Life/span_Beauty Chocolates_o-radio' is clicked on

2019-05-07 18:05:48 - [MESSAGE][PASSED] - Object: 'Object Repository/SAKARA/Page_OMD Order  Sakara Life/span_Beauty Chocolates_o-radio' is clicked on

2019-05-07 18:05:48 - [TEST_STEP][PASSED] - click(findTestObject("Object Repository/SAKARA/Page_OMD Order  Sakara Life/span_Program Supplement_o-radi")): Object: 'Object Repository/SAKARA/Page_OMD Order  Sakara Life/span_Program Supplement_o-radi' is clicked on

2019-05-07 18:05:50 - [MESSAGE][PASSED] - Object: 'Object Repository/SAKARA/Page_OMD Order  Sakara Life/span_Program Supplement_o-radi' is clicked on

2019-05-07 18:05:50 - [TEST_STEP][PASSED] - click(findTestObject("Object Repository/SAKARA/Page_OMD Order  Sakara Life/a_checkout 255")): Object: 'Object Repository/SAKARA/Page_OMD Order  Sakara Life/a_checkout 255' is clicked on

2019-05-07 18:05:52 - [MESSAGE][PASSED] - Object: 'Object Repository/SAKARA/Page_OMD Order  Sakara Life/a_checkout 255' is clicked on

2019-05-07 18:05:52 - [TEST_STEP][PASSED] - setText(findTestObject("SAKARA/Page_OMD Order  Sakara Life/input_Sign in to continue_cust"), "suman.kompelly@diffagency.com"): Text 'suman.kompelly@diffagency.com' is set on object 'Object Repository/SAKARA/Page_OMD Order  Sakara Life/input_Sign in to continue_cust'

2019-05-07 18:05:56 - [MESSAGE][PASSED] - Text 'suman.kompelly@diffagency.com' is set on object 'Object Repository/SAKARA/Page_OMD Order  Sakara Life/input_Sign in to continue_cust'

2019-05-07 18:05:56 - [TEST_STEP][PASSED] - setEncryptedText(findTestObject("Object Repository/SAKARA/Page_OMD Order  Sakara Life/input_Sign in to continue_cust_1"), "ku0iAkODgX0="): Text ****** has been set on object 'Object Repository/SAKARA/Page_OMD Order  Sakara Life/input_Sign in to continue_cust_1'

2019-05-07 18:06:00 - [MESSAGE][PASSED] - Text ****** has been set on object 'Object Repository/SAKARA/Page_OMD Order  Sakara Life/input_Sign in to continue_cust_1'

2019-05-07 18:06:00 - [TEST_STEP][PASSED] - setEncryptedText(findTestObject("Object Repository/SAKARA/Page_OMD Order  Sakara Life/input_Sign in to continue_cust_2"), "+YAmoKIyHZA="): Text ****** has been set on object 'Object Repository/SAKARA/Page_OMD Order  Sakara Life/input_Sign in to continue_cust_2'

2019-05-07 18:06:03 - [MESSAGE][PASSED] - Text ****** has been set on object 'Object Repository/SAKARA/Page_OMD Order  Sakara Life/input_Sign in to continue_cust_2'

2019-05-07 18:06:03 - [TEST_STEP][PASSED] - setEncryptedText(findTestObject("Object Repository/SAKARA/Page_OMD Order  Sakara Life/input_Sign in to continue_cust_3"), "Y4IGv/qOF9E="): Text ****** has been set on object 'Object Repository/SAKARA/Page_OMD Order  Sakara Life/input_Sign in to continue_cust_3'

2019-05-07 18:06:06 - [MESSAGE][PASSED] - Text ****** has been set on object 'Object Repository/SAKARA/Page_OMD Order  Sakara Life/input_Sign in to continue_cust_3'

2019-05-07 18:06:06 - [TEST_STEP][PASSED] - setEncryptedText(findTestObject("Object Repository/SAKARA/Page_OMD Order  Sakara Life/input_Sign in to continue_cust_4"), "Z+t+WaCK0tE="): Text ****** has been set on object 'Object Repository/SAKARA/Page_OMD Order  Sakara Life/input_Sign in to continue_cust_4'

2019-05-07 18:06:09 - [MESSAGE][PASSED] - Text ****** has been set on object 'Object Repository/SAKARA/Page_OMD Order  Sakara Life/input_Sign in to continue_cust_4'

2019-05-07 18:06:09 - [TEST_STEP][PASSED] - setEncryptedText(findTestObject("Object Repository/SAKARA/Page_OMD Order  Sakara Life/input_Sign in to continue_cust_5"), "VHIhYbO/Pz0="): Text ****** has been set on object 'Object Repository/SAKARA/Page_OMD Order  Sakara Life/input_Sign in to continue_cust_5'

2019-05-07 18:06:12 - [MESSAGE][PASSED] - Text ****** has been set on object 'Object Repository/SAKARA/Page_OMD Order  Sakara Life/input_Sign in to continue_cust_5'

2019-05-07 18:06:12 - [TEST_STEP][PASSED] - setEncryptedText(findTestObject("Object Repository/SAKARA/Page_OMD Order  Sakara Life/input_Sign in to continue_cust_6"), "Owe2tHMEmLw="): Text ****** has been set on object 'Object Repository/SAKARA/Page_OMD Order  Sakara Life/input_Sign in to continue_cust_6'

2019-05-07 18:06:15 - [MESSAGE][PASSED] - Text ****** has been set on object 'Object Repository/SAKARA/Page_OMD Order  Sakara Life/input_Sign in to continue_cust_6'

2019-05-07 18:06:15 - [TEST_STEP][PASSED] - setEncryptedText(findTestObject("Object Repository/SAKARA/Page_OMD Order  Sakara Life/input_Sign in to continue_cust_7"), "CzGugaxDM48="): Text ****** has been set on object 'Object Repository/SAKARA/Page_OMD Order  Sakara Life/input_Sign in to continue_cust_7'

2019-05-07 18:06:18 - [MESSAGE][PASSED] - Text ****** has been set on object 'Object Repository/SAKARA/Page_OMD Order  Sakara Life/input_Sign in to continue_cust_7'

2019-05-07 18:06:18 - [TEST_STEP][PASSED] - setEncryptedText(findTestObject("Object Repository/SAKARA/Page_OMD Order  Sakara Life/input_Sign in to continue_cust_8"), "YVtWHtdGuqHezI4GDEXwSQ=="): Text ****** has been set on object 'Object Repository/SAKARA/Page_OMD Order  Sakara Life/input_Sign in to continue_cust_8'

2019-05-07 18:06:21 - [MESSAGE][PASSED] - Text ****** has been set on object 'Object Repository/SAKARA/Page_OMD Order  Sakara Life/input_Sign in to continue_cust_8'

2019-05-07 18:06:21 - [TEST_STEP][PASSED] - setEncryptedText(findTestObject("Object Repository/SAKARA/Page_OMD Order  Sakara Life/input_Sign in to continue_cust_9"), "YVtWHtdGuqG0avsQGIiYAQ=="): Text ****** has been set on object 'Object Repository/SAKARA/Page_OMD Order  Sakara Life/input_Sign in to continue_cust_9'

2019-05-07 18:06:24 - [MESSAGE][PASSED] - Text ****** has been set on object 'Object Repository/SAKARA/Page_OMD Order  Sakara Life/input_Sign in to continue_cust_9'

2019-05-07 18:06:24 - [TEST_STEP][PASSED] - setEncryptedText(findTestObject("Object Repository/SAKARA/Page_OMD Order  Sakara Life/input_Sign in to continue_cust_10"), "YVtWHtdGuqHfOZKsa+65Fg=="): Text ****** has been set on object 'Object Repository/SAKARA/Page_OMD Order  Sakara Life/input_Sign in to continue_cust_10'

2019-05-07 18:06:27 - [MESSAGE][PASSED] - Text ****** has been set on object 'Object Repository/SAKARA/Page_OMD Order  Sakara Life/input_Sign in to continue_cust_10'

2019-05-07 18:06:27 - [TEST_STEP][PASSED] - setEncryptedText(findTestObject("Object Repository/SAKARA/Page_OMD Order  Sakara Life/input_Sign in to continue_cust_11"), "YVtWHtdGuqHfOZKsa+65Fg=="): Text ****** has been set on object 'Object Repository/SAKARA/Page_OMD Order  Sakara Life/input_Sign in to continue_cust_11'

2019-05-07 18:06:31 - [MESSAGE][PASSED] - Text ****** has been set on object 'Object Repository/SAKARA/Page_OMD Order  Sakara Life/input_Sign in to continue_cust_11'

2019-05-07 18:06:31 - [TEST_STEP][PASSED] - click(findTestObject("Object Repository/SAKARA/Page_OMD Order  Sakara Life/button_Continue Checkout")): Object: 'Object Repository/SAKARA/Page_OMD Order  Sakara Life/button_Continue Checkout' is clicked on

2019-05-07 18:06:33 - [MESSAGE][PASSED] - Object: 'Object Repository/SAKARA/Page_OMD Order  Sakara Life/button_Continue Checkout' is clicked on

2019-05-07 18:06:33 - [TEST_STEP][PASSED] - setText(findTestObject("Object Repository/SAKARA/Page_Sakara Life - Information - Sa/input_First name_checkoutshipp"), "suman"): Text 'suman' is set on object 'Object Repository/SAKARA/Page_Sakara Life - Information - Sa/input_First name_checkoutshipp'

2019-05-07 18:06:42 - [MESSAGE][PASSED] - Text 'suman' is set on object 'Object Repository/SAKARA/Page_Sakara Life - Information - Sa/input_First name_checkoutshipp'

2019-05-07 18:06:42 - [TEST_STEP][PASSED] - setText(findTestObject("Object Repository/SAKARA/Page_Sakara Life - Information - Sa/input_Last name_checkoutshippi"), "kompelly"): Text 'kompelly' is set on object 'Object Repository/SAKARA/Page_Sakara Life - Information - Sa/input_Last name_checkoutshippi'

2019-05-07 18:06:46 - [MESSAGE][PASSED] - Text 'kompelly' is set on object 'Object Repository/SAKARA/Page_Sakara Life - Information - Sa/input_Last name_checkoutshippi'

2019-05-07 18:06:46 - [TEST_STEP][PASSED] - setText(findTestObject("Object Repository/SAKARA/Page_Sakara Life - Information - Sa/input_Company (optional)_check"), "diff"): Text 'diff' is set on object 'Object Repository/SAKARA/Page_Sakara Life - Information - Sa/input_Company (optional)_check'

2019-05-07 18:06:50 - [MESSAGE][PASSED] - Text 'diff' is set on object 'Object Repository/SAKARA/Page_Sakara Life - Information - Sa/input_Company (optional)_check'

2019-05-07 18:06:50 - [TEST_STEP][PASSED] - setText(findTestObject("Object Repository/SAKARA/Page_Sakara Life - Information - Sa/input_Address_checkoutshipping"), "399 saint alxendre"): Text '399 saint alxendre' is set on object 'Object Repository/SAKARA/Page_Sakara Life - Information - Sa/input_Address_checkoutshipping'

2019-05-07 18:06:55 - [MESSAGE][PASSED] - Text '399 saint alxendre' is set on object 'Object Repository/SAKARA/Page_Sakara Life - Information - Sa/input_Address_checkoutshipping'

2019-05-07 18:06:55 - [TEST_STEP][PASSED] - setText(findTestObject("Object Repository/SAKARA/Page_Sakara Life - Information - Sa/input_Apartment suite etc. (op"), "199"): Text '199' is set on object 'Object Repository/SAKARA/Page_Sakara Life - Information - Sa/input_Apartment suite etc. (op'

2019-05-07 18:06:59 - [MESSAGE][PASSED] - Text '199' is set on object 'Object Repository/SAKARA/Page_Sakara Life - Information - Sa/input_Apartment suite etc. (op'

2019-05-07 18:06:59 - [TEST_STEP][PASSED] - setText(findTestObject("Object Repository/SAKARA/Page_Sakara Life - Information - Sa/input_City_checkoutshipping_ad"), "montreal"): Text 'montreal' is set on object 'Object Repository/SAKARA/Page_Sakara Life - Information - Sa/input_City_checkoutshipping_ad'

2019-05-07 18:07:03 - [MESSAGE][PASSED] - Text 'montreal' is set on object 'Object Repository/SAKARA/Page_Sakara Life - Information - Sa/input_City_checkoutshipping_ad'

2019-05-07 18:07:03 - [TEST_STEP][PASSED] - selectOptionByValue(findTestObject("Object Repository/SAKARA/Page_Sakara Life - Information - Sa/select_StateAlabamaAlaskaAmeri"), "NJ", true): All options with value 'NJ' are selected in object 'Object Repository/SAKARA/Page_Sakara Life - Information - Sa/select_StateAlabamaAlaskaAmeri'  using regular expression

2019-05-07 18:08:51 - [MESSAGE][PASSED] - All options with value 'NJ' are selected in object 'Object Repository/SAKARA/Page_Sakara Life - Information - Sa/select_StateAlabamaAlaskaAmeri'  using regular expression

2019-05-07 18:08:51 - [TEST_STEP][PASSED] - setText(findTestObject("Object Repository/SAKARA/Page_Sakara Life - Information - Sa/input_ZIP code_checkoutshippin"), "07057"): Text '07057' is set on object 'Object Repository/SAKARA/Page_Sakara Life - Information - Sa/input_ZIP code_checkoutshippin'

2019-05-07 18:08:55 - [MESSAGE][PASSED] - Text '07057' is set on object 'Object Repository/SAKARA/Page_Sakara Life - Information - Sa/input_ZIP code_checkoutshippin'

2019-05-07 18:08:55 - [TEST_STEP][PASSED] - setText(findTestObject("Object Repository/SAKARA/Page_Sakara Life - Information - Sa/input_Phone_checkoutshipping_a"), "(514) 449-3882"): Text '(514) 449-3882' is set on object 'Object Repository/SAKARA/Page_Sakara Life - Information - Sa/input_Phone_checkoutshipping_a'

2019-05-07 18:08:59 - [MESSAGE][PASSED] - Text '(514) 449-3882' is set on object 'Object Repository/SAKARA/Page_Sakara Life - Information - Sa/input_Phone_checkoutshipping_a'

2019-05-07 18:08:59 - [TEST_STEP][PASSED] - click(findTestObject("Object Repository/SAKARA/Page_Sakara Life - Information - Sa/button_Continue to shipping me")): Object: 'Object Repository/SAKARA/Page_Sakara Life - Information - Sa/button_Continue to shipping me' is clicked on

2019-05-07 18:09:02 - [MESSAGE][PASSED] - Object: 'Object Repository/SAKARA/Page_Sakara Life - Information - Sa/button_Continue to shipping me' is clicked on

2019-05-07 18:09:02 - [TEST_STEP][PASSED] - setText(findTestObject("Object Repository/SAKARA/Page_Sakara Life - Shipping - Sakar/input_Gift card or discount co"), "difftest3"): Text 'difftest3' is set on object 'Object Repository/SAKARA/Page_Sakara Life - Shipping - Sakar/input_Gift card or discount co'

2019-05-07 18:09:08 - [MESSAGE][PASSED] - Text 'difftest3' is set on object 'Object Repository/SAKARA/Page_Sakara Life - Shipping - Sakar/input_Gift card or discount co'

2019-05-07 18:09:08 - [TEST_STEP][PASSED] - click(findTestObject("Object Repository/SAKARA/Page_Sakara Life - Shipping - Sakar/button_Apply")): Object: 'Object Repository/SAKARA/Page_Sakara Life - Shipping - Sakar/button_Apply' is clicked on

2019-05-07 18:09:10 - [MESSAGE][PASSED] - Object: 'Object Repository/SAKARA/Page_Sakara Life - Shipping - Sakar/button_Apply' is clicked on

2019-05-07 18:09:10 - [TEST_STEP][PASSED] - click(findTestObject("Object Repository/SAKARA/Page_Sakara Life - Shipping - Sakar/input_Choose a shipping method")): Object: 'Object Repository/SAKARA/Page_Sakara Life - Shipping - Sakar/input_Choose a shipping method' is clicked on

2019-05-07 18:09:14 - [MESSAGE][PASSED] - Object: 'Object Repository/SAKARA/Page_Sakara Life - Shipping - Sakar/input_Choose a shipping method' is clicked on

2019-05-07 18:09:14 - [TEST_STEP][PASSED] - delay(2): Delayed 2 second(s)

2019-05-07 18:09:16 - [MESSAGE][PASSED] - Delayed 2 second(s)

2019-05-07 18:09:16 - [TEST_STEP][PASSED] - click(findTestObject("Object Repository/SAKARA/Page_Sakara Life - Shipping - Sakar/button_Continue to payment met")): Object: 'Object Repository/SAKARA/Page_Sakara Life - Shipping - Sakar/button_Continue to payment met' is clicked on

2019-05-07 18:09:22 - [MESSAGE][PASSED] - Object: 'Object Repository/SAKARA/Page_Sakara Life - Shipping - Sakar/button_Continue to payment met' is clicked on

2019-05-07 18:09:22 - [TEST_STEP][NOT_RUN] - click(findTestObject("Object Repository/SAKARA/Page_Sakara Life - Payment - Sakara/button_Complete order")): NOT_RUN: click(findTestObject("Object Repository/SAKARA/Page_Sakara Life - Payment - Sakara/button_Complete order"))

2019-05-07 18:09:22 - [MESSAGE][NOT_RUN] - NOT_RUN: click(findTestObject("Object Repository/SAKARA/Page_Sakara Life - Payment - Sakara/button_Complete order"))

2019-05-07 18:09:22 - [TEST_STEP][PASSED] - comment(" Test case passed "):  Test case passed 

2019-05-07 18:09:22 - [MESSAGE][INFO] -  Test case passed]]></system-out>
         <system-err><![CDATA[]]></system-err>
      </testcase>
      <testcase name="Test Cases/CRITICAL PATH/Different prodcuts" classname="Test Cases/CRITICAL PATH/Different prodcuts" status="PASSED">
         <system-out><![CDATA[2019-05-07 18:09:22 - [TEST_CASE][PASSED] - Test Cases/CRITICAL PATH/Different prodcuts: Test Cases/CRITICAL PATH/Different prodcuts

2019-05-07 18:09:22 - [TEST_STEP][PASSED] - openBrowser(""): Browser is opened with url: ''

2019-05-07 18:09:22 - [MESSAGE][WARNING] - A browser is already opened. Closing browser and opening a new one

2019-05-07 18:09:23 - [MESSAGE][INFO] - Starting 'Chrome' driver

2019-05-07 18:09:26 - [MESSAGE][PASSED] - Browser is opened with url: ''

2019-05-07 18:09:26 - [TEST_STEP][PASSED] - navigateToUrl("https://www.sakara.com/"): Navigate to 'https://www.sakara.com/' successfully

2019-05-07 18:09:30 - [MESSAGE][PASSED] - Navigate to 'https://www.sakara.com/' successfully

2019-05-07 18:09:30 - [TEST_STEP][PASSED] - maximizeWindow(): Current window maximized

2019-05-07 18:09:32 - [MESSAGE][PASSED] - Current window maximized

2019-05-07 18:09:32 - [TEST_STEP][PASSED] - click(findTestObject("SAKARA/Page_100 plant-based organic ready-/div_Create an account_privy-di")): Object: 'Object Repository/SAKARA/Page_100 plant-based organic ready-/div_Create an account_privy-di' is clicked on

2019-05-07 18:09:42 - [MESSAGE][PASSED] - Object: 'Object Repository/SAKARA/Page_100 plant-based organic ready-/div_Create an account_privy-di' is clicked on

2019-05-07 18:09:42 - [TEST_STEP][PASSED] - click(findTestObject("SAKARA/Page_100 plant-based organic ready-/a_Next Weeks Menu")): Object: 'Object Repository/SAKARA/Page_100 plant-based organic ready-/a_Next Weeks Menu' is clicked on

2019-05-07 18:09:46 - [MESSAGE][PASSED] - Object: 'Object Repository/SAKARA/Page_100 plant-based organic ready-/a_Next Weeks Menu' is clicked on

2019-05-07 18:09:46 - [TEST_STEP][PASSED] - click(findTestObject("SAKARA/Page_Next weeks menu  Sakara Life/a_Order Now")): Object: 'Object Repository/SAKARA/Page_Next weeks menu  Sakara Life/a_Order Now' is clicked on

2019-05-07 18:09:50 - [MESSAGE][PASSED] - Object: 'Object Repository/SAKARA/Page_Next weeks menu  Sakara Life/a_Order Now' is clicked on

2019-05-07 18:09:50 - [TEST_STEP][PASSED] - setText(findTestObject("SAKARA/Page_OMD Order  Sakara Life/input (1)"), "07057"): Text '07057' is set on object 'Object Repository/SAKARA/Page_OMD Order  Sakara Life/input (1)'

2019-05-07 18:09:54 - [MESSAGE][PASSED] - Text '07057' is set on object 'Object Repository/SAKARA/Page_OMD Order  Sakara Life/input (1)'

2019-05-07 18:09:54 - [TEST_STEP][PASSED] - click(findTestObject("SAKARA/Page_OMD Order  Sakara Life/span_Program Length_o-radio__c (1)")): Object: 'Object Repository/SAKARA/Page_OMD Order  Sakara Life/span_Program Length_o-radio__c (1)' is clicked on

2019-05-07 18:09:56 - [MESSAGE][PASSED] - Object: 'Object Repository/SAKARA/Page_OMD Order  Sakara Life/span_Program Length_o-radio__c (1)' is clicked on

2019-05-07 18:09:56 - [TEST_STEP][PASSED] - click(findTestObject("SAKARA/Page_OMD Order  Sakara Life/span_Weekly Subscription_o-rad (1)")): Object: 'Object Repository/SAKARA/Page_OMD Order  Sakara Life/span_Weekly Subscription_o-rad (1)' is clicked on

2019-05-07 18:09:58 - [MESSAGE][PASSED] - Object: 'Object Repository/SAKARA/Page_OMD Order  Sakara Life/span_Weekly Subscription_o-rad (1)' is clicked on

2019-05-07 18:09:58 - [TEST_STEP][PASSED] - selectOptionByValue(findTestObject("SAKARA/Page_OMD Order  Sakara Life/select_Monday May 13thMonday M (1)"), "Mon May 20 2019 00:00:00 GMT-0400", true): All options with value 'Mon May 20 2019 00:00:00 GMT-0400' are selected in object 'Object Repository/SAKARA/Page_OMD Order  Sakara Life/select_Monday May 13thMonday M (1)'  using regular expression

2019-05-07 18:10:14 - [MESSAGE][PASSED] - All options with value 'Mon May 20 2019 00:00:00 GMT-0400' are selected in object 'Object Repository/SAKARA/Page_OMD Order  Sakara Life/select_Monday May 13thMonday M (1)'  using regular expression

2019-05-07 18:10:14 - [TEST_STEP][PASSED] - click(findTestObject("SAKARA/Page_OMD Order  Sakara Life/button_Add to cart (1)")): Object: 'Object Repository/SAKARA/Page_OMD Order  Sakara Life/button_Add to cart (1)' is clicked on

2019-05-07 18:10:16 - [MESSAGE][PASSED] - Object: 'Object Repository/SAKARA/Page_OMD Order  Sakara Life/button_Add to cart (1)' is clicked on

2019-05-07 18:10:16 - [TEST_STEP][PASSED] - click(findTestObject("Object Repository/SAKARA/Page_OMD Order  Sakara Life/span_Terms  Conditions_o-icon")): Object: 'Object Repository/SAKARA/Page_OMD Order  Sakara Life/span_Terms  Conditions_o-icon' is clicked on

2019-05-07 18:10:18 - [MESSAGE][PASSED] - Object: 'Object Repository/SAKARA/Page_OMD Order  Sakara Life/span_Terms  Conditions_o-icon' is clicked on

2019-05-07 18:10:18 - [TEST_STEP][PASSED] - click(findTestObject("Object Repository/SAKARA/Page_OMD Order  Sakara Life/a_Shop Clean Boutique")): Object: 'Object Repository/SAKARA/Page_OMD Order  Sakara Life/a_Shop Clean Boutique' is clicked on

2019-05-07 18:10:23 - [MESSAGE][PASSED] - Object: 'Object Repository/SAKARA/Page_OMD Order  Sakara Life/a_Shop Clean Boutique' is clicked on

2019-05-07 18:10:23 - [TEST_STEP][PASSED] - click(findTestObject("Object Repository/SAKARA/Page_Clean Boutique  Sakara Life/span_Snacks")): Object: 'Object Repository/SAKARA/Page_Clean Boutique  Sakara Life/span_Snacks' is clicked on

2019-05-07 18:10:27 - [MESSAGE][PASSED] - Object: 'Object Repository/SAKARA/Page_Clean Boutique  Sakara Life/span_Snacks' is clicked on

2019-05-07 18:10:27 - [TEST_STEP][PASSED] - click(findTestObject("SAKARA/Page_Clean Boutique  Sakara Life/img_Add to cart_c-product-tile")): Object: 'Object Repository/SAKARA/Page_Clean Boutique  Sakara Life/img_Add to cart_c-product-tile' is clicked on

2019-05-07 18:10:31 - [MESSAGE][PASSED] - Object: 'Object Repository/SAKARA/Page_Clean Boutique  Sakara Life/img_Add to cart_c-product-tile' is clicked on

2019-05-07 18:10:31 - [TEST_STEP][PASSED] - click(findTestObject("Object Repository/SAKARA/Page_The Sakara Granola Collection/button_48  Add to cart")): Object: 'Object Repository/SAKARA/Page_The Sakara Granola Collection/button_48  Add to cart' is clicked on

2019-05-07 18:10:33 - [MESSAGE][PASSED] - Object: 'Object Repository/SAKARA/Page_The Sakara Granola Collection/button_48  Add to cart' is clicked on

2019-05-07 18:10:33 - [TEST_STEP][PASSED] - click(findTestObject("SAKARA/Page_The Sakara Granola Collection/a_checkout 397")): Object: 'Object Repository/SAKARA/Page_The Sakara Granola Collection/a_checkout 397' is clicked on

2019-05-07 18:10:35 - [MESSAGE][PASSED] - Object: 'Object Repository/SAKARA/Page_The Sakara Granola Collection/a_checkout 397' is clicked on

2019-05-07 18:10:35 - [TEST_STEP][PASSED] - setText(findTestObject("SAKARA/Page_OMD Order  Sakara Life/input_Sign in to continue_cust"), "suman.kompelly@diffagency.com"): Text 'suman.kompelly@diffagency.com' is set on object 'Object Repository/SAKARA/Page_OMD Order  Sakara Life/input_Sign in to continue_cust'

2019-05-07 18:10:39 - [MESSAGE][PASSED] - Text 'suman.kompelly@diffagency.com' is set on object 'Object Repository/SAKARA/Page_OMD Order  Sakara Life/input_Sign in to continue_cust'

2019-05-07 18:10:39 - [TEST_STEP][PASSED] - setEncryptedText(findTestObject("SAKARA/Page_OMD Order  Sakara Life/input_Sign in to continue_cust_1"), "ku0iAkODgX0="): Text ****** has been set on object 'Object Repository/SAKARA/Page_OMD Order  Sakara Life/input_Sign in to continue_cust_1'

2019-05-07 18:10:42 - [MESSAGE][PASSED] - Text ****** has been set on object 'Object Repository/SAKARA/Page_OMD Order  Sakara Life/input_Sign in to continue_cust_1'

2019-05-07 18:10:42 - [TEST_STEP][PASSED] - setEncryptedText(findTestObject("SAKARA/Page_OMD Order  Sakara Life/input_Sign in to continue_cust_2"), "+YAmoKIyHZA="): Text ****** has been set on object 'Object Repository/SAKARA/Page_OMD Order  Sakara Life/input_Sign in to continue_cust_2'

2019-05-07 18:10:45 - [MESSAGE][PASSED] - Text ****** has been set on object 'Object Repository/SAKARA/Page_OMD Order  Sakara Life/input_Sign in to continue_cust_2'

2019-05-07 18:10:45 - [TEST_STEP][PASSED] - setEncryptedText(findTestObject("SAKARA/Page_OMD Order  Sakara Life/input_Sign in to continue_cust_3"), "Y4IGv/qOF9E="): Text ****** has been set on object 'Object Repository/SAKARA/Page_OMD Order  Sakara Life/input_Sign in to continue_cust_3'

2019-05-07 18:10:48 - [MESSAGE][PASSED] - Text ****** has been set on object 'Object Repository/SAKARA/Page_OMD Order  Sakara Life/input_Sign in to continue_cust_3'

2019-05-07 18:10:48 - [TEST_STEP][PASSED] - setEncryptedText(findTestObject("Object Repository/SAKARA/Page_OMD Order  Sakara Life/input_Sign in to continue_cust_4"), "Z+t+WaCK0tE="): Text ****** has been set on object 'Object Repository/SAKARA/Page_OMD Order  Sakara Life/input_Sign in to continue_cust_4'

2019-05-07 18:10:51 - [MESSAGE][PASSED] - Text ****** has been set on object 'Object Repository/SAKARA/Page_OMD Order  Sakara Life/input_Sign in to continue_cust_4'

2019-05-07 18:10:51 - [TEST_STEP][PASSED] - setEncryptedText(findTestObject("Object Repository/SAKARA/Page_OMD Order  Sakara Life/input_Sign in to continue_cust_5"), "VHIhYbO/Pz0="): Text ****** has been set on object 'Object Repository/SAKARA/Page_OMD Order  Sakara Life/input_Sign in to continue_cust_5'

2019-05-07 18:10:55 - [MESSAGE][PASSED] - Text ****** has been set on object 'Object Repository/SAKARA/Page_OMD Order  Sakara Life/input_Sign in to continue_cust_5'

2019-05-07 18:10:55 - [TEST_STEP][PASSED] - setEncryptedText(findTestObject("Object Repository/SAKARA/Page_OMD Order  Sakara Life/input_Sign in to continue_cust_6"), "Owe2tHMEmLw="): Text ****** has been set on object 'Object Repository/SAKARA/Page_OMD Order  Sakara Life/input_Sign in to continue_cust_6'

2019-05-07 18:10:58 - [MESSAGE][PASSED] - Text ****** has been set on object 'Object Repository/SAKARA/Page_OMD Order  Sakara Life/input_Sign in to continue_cust_6'

2019-05-07 18:10:58 - [TEST_STEP][PASSED] - setEncryptedText(findTestObject("Object Repository/SAKARA/Page_OMD Order  Sakara Life/input_Sign in to continue_cust_7"), "CzGugaxDM48="): Text ****** has been set on object 'Object Repository/SAKARA/Page_OMD Order  Sakara Life/input_Sign in to continue_cust_7'

2019-05-07 18:11:01 - [MESSAGE][PASSED] - Text ****** has been set on object 'Object Repository/SAKARA/Page_OMD Order  Sakara Life/input_Sign in to continue_cust_7'

2019-05-07 18:11:01 - [TEST_STEP][PASSED] - setEncryptedText(findTestObject("Object Repository/SAKARA/Page_OMD Order  Sakara Life/input_Sign in to continue_cust_8"), "YVtWHtdGuqHezI4GDEXwSQ=="): Text ****** has been set on object 'Object Repository/SAKARA/Page_OMD Order  Sakara Life/input_Sign in to continue_cust_8'

2019-05-07 18:11:04 - [MESSAGE][PASSED] - Text ****** has been set on object 'Object Repository/SAKARA/Page_OMD Order  Sakara Life/input_Sign in to continue_cust_8'

2019-05-07 18:11:04 - [TEST_STEP][PASSED] - setEncryptedText(findTestObject("Object Repository/SAKARA/Page_OMD Order  Sakara Life/input_Sign in to continue_cust_9"), "YVtWHtdGuqG0avsQGIiYAQ=="): Text ****** has been set on object 'Object Repository/SAKARA/Page_OMD Order  Sakara Life/input_Sign in to continue_cust_9'

2019-05-07 18:11:07 - [MESSAGE][PASSED] - Text ****** has been set on object 'Object Repository/SAKARA/Page_OMD Order  Sakara Life/input_Sign in to continue_cust_9'

2019-05-07 18:11:07 - [TEST_STEP][PASSED] - setEncryptedText(findTestObject("Object Repository/SAKARA/Page_OMD Order  Sakara Life/input_Sign in to continue_cust_10"), "YVtWHtdGuqHfOZKsa+65Fg=="): Text ****** has been set on object 'Object Repository/SAKARA/Page_OMD Order  Sakara Life/input_Sign in to continue_cust_10'

2019-05-07 18:11:10 - [MESSAGE][PASSED] - Text ****** has been set on object 'Object Repository/SAKARA/Page_OMD Order  Sakara Life/input_Sign in to continue_cust_10'

2019-05-07 18:11:10 - [TEST_STEP][PASSED] - setEncryptedText(findTestObject("Object Repository/SAKARA/Page_OMD Order  Sakara Life/input_Sign in to continue_cust_11"), "YVtWHtdGuqHfOZKsa+65Fg=="): Text ****** has been set on object 'Object Repository/SAKARA/Page_OMD Order  Sakara Life/input_Sign in to continue_cust_11'

2019-05-07 18:11:13 - [MESSAGE][PASSED] - Text ****** has been set on object 'Object Repository/SAKARA/Page_OMD Order  Sakara Life/input_Sign in to continue_cust_11'

2019-05-07 18:11:13 - [TEST_STEP][PASSED] - click(findTestObject("Object Repository/SAKARA/Page_OMD Order  Sakara Life/button_Continue Checkout")): Object: 'Object Repository/SAKARA/Page_OMD Order  Sakara Life/button_Continue Checkout' is clicked on

2019-05-07 18:11:15 - [MESSAGE][PASSED] - Object: 'Object Repository/SAKARA/Page_OMD Order  Sakara Life/button_Continue Checkout' is clicked on

2019-05-07 18:11:15 - [TEST_STEP][PASSED] - setText(findTestObject("Object Repository/SAKARA/Page_Sakara Life - Information - Sa/input_First name_checkoutshipp"), "suman"): Text 'suman' is set on object 'Object Repository/SAKARA/Page_Sakara Life - Information - Sa/input_First name_checkoutshipp'

2019-05-07 18:11:24 - [MESSAGE][PASSED] - Text 'suman' is set on object 'Object Repository/SAKARA/Page_Sakara Life - Information - Sa/input_First name_checkoutshipp'

2019-05-07 18:11:24 - [TEST_STEP][PASSED] - setText(findTestObject("Object Repository/SAKARA/Page_Sakara Life - Information - Sa/input_Last name_checkoutshippi"), "kompelly"): Text 'kompelly' is set on object 'Object Repository/SAKARA/Page_Sakara Life - Information - Sa/input_Last name_checkoutshippi'

2019-05-07 18:11:28 - [MESSAGE][PASSED] - Text 'kompelly' is set on object 'Object Repository/SAKARA/Page_Sakara Life - Information - Sa/input_Last name_checkoutshippi'

2019-05-07 18:11:28 - [TEST_STEP][PASSED] - setText(findTestObject("Object Repository/SAKARA/Page_Sakara Life - Information - Sa/input_Company (optional)_check"), "diff"): Text 'diff' is set on object 'Object Repository/SAKARA/Page_Sakara Life - Information - Sa/input_Company (optional)_check'

2019-05-07 18:11:32 - [MESSAGE][PASSED] - Text 'diff' is set on object 'Object Repository/SAKARA/Page_Sakara Life - Information - Sa/input_Company (optional)_check'

2019-05-07 18:11:32 - [TEST_STEP][PASSED] - setText(findTestObject("Object Repository/SAKARA/Page_Sakara Life - Information - Sa/input_Address_checkoutshipping"), "399 saint alxendre"): Text '399 saint alxendre' is set on object 'Object Repository/SAKARA/Page_Sakara Life - Information - Sa/input_Address_checkoutshipping'

2019-05-07 18:11:36 - [MESSAGE][PASSED] - Text '399 saint alxendre' is set on object 'Object Repository/SAKARA/Page_Sakara Life - Information - Sa/input_Address_checkoutshipping'

2019-05-07 18:11:36 - [TEST_STEP][PASSED] - setText(findTestObject("Object Repository/SAKARA/Page_Sakara Life - Information - Sa/input_Apartment suite etc. (op"), "199"): Text '199' is set on object 'Object Repository/SAKARA/Page_Sakara Life - Information - Sa/input_Apartment suite etc. (op'

2019-05-07 18:11:40 - [MESSAGE][PASSED] - Text '199' is set on object 'Object Repository/SAKARA/Page_Sakara Life - Information - Sa/input_Apartment suite etc. (op'

2019-05-07 18:11:40 - [TEST_STEP][PASSED] - setText(findTestObject("Object Repository/SAKARA/Page_Sakara Life - Information - Sa/input_City_checkoutshipping_ad"), "montreal"): Text 'montreal' is set on object 'Object Repository/SAKARA/Page_Sakara Life - Information - Sa/input_City_checkoutshipping_ad'

2019-05-07 18:11:44 - [MESSAGE][PASSED] - Text 'montreal' is set on object 'Object Repository/SAKARA/Page_Sakara Life - Information - Sa/input_City_checkoutshipping_ad'

2019-05-07 18:11:44 - [TEST_STEP][PASSED] - selectOptionByValue(findTestObject("Object Repository/SAKARA/Page_Sakara Life - Information - Sa/select_StateAlabamaAlaskaAmeri"), "NJ", true): All options with value 'NJ' are selected in object 'Object Repository/SAKARA/Page_Sakara Life - Information - Sa/select_StateAlabamaAlaskaAmeri'  using regular expression

2019-05-07 18:13:32 - [MESSAGE][PASSED] - All options with value 'NJ' are selected in object 'Object Repository/SAKARA/Page_Sakara Life - Information - Sa/select_StateAlabamaAlaskaAmeri'  using regular expression

2019-05-07 18:13:32 - [TEST_STEP][PASSED] - setText(findTestObject("Object Repository/SAKARA/Page_Sakara Life - Information - Sa/input_ZIP code_checkoutshippin"), "07057"): Text '07057' is set on object 'Object Repository/SAKARA/Page_Sakara Life - Information - Sa/input_ZIP code_checkoutshippin'

2019-05-07 18:13:37 - [MESSAGE][PASSED] - Text '07057' is set on object 'Object Repository/SAKARA/Page_Sakara Life - Information - Sa/input_ZIP code_checkoutshippin'

2019-05-07 18:13:37 - [TEST_STEP][PASSED] - setText(findTestObject("Object Repository/SAKARA/Page_Sakara Life - Information - Sa/input_Phone_checkoutshipping_a"), "(514) 449-3882"): Text '(514) 449-3882' is set on object 'Object Repository/SAKARA/Page_Sakara Life - Information - Sa/input_Phone_checkoutshipping_a'

2019-05-07 18:13:41 - [MESSAGE][PASSED] - Text '(514) 449-3882' is set on object 'Object Repository/SAKARA/Page_Sakara Life - Information - Sa/input_Phone_checkoutshipping_a'

2019-05-07 18:13:41 - [TEST_STEP][PASSED] - click(findTestObject("Object Repository/SAKARA/Page_Sakara Life - Information - Sa/button_Continue to shipping me")): Object: 'Object Repository/SAKARA/Page_Sakara Life - Information - Sa/button_Continue to shipping me' is clicked on

2019-05-07 18:13:43 - [MESSAGE][PASSED] - Object: 'Object Repository/SAKARA/Page_Sakara Life - Information - Sa/button_Continue to shipping me' is clicked on

2019-05-07 18:13:43 - [TEST_STEP][PASSED] - setText(findTestObject("Object Repository/SAKARA/Page_Sakara Life - Shipping - Sakar/input_Gift card or discount co"), "difftest3"): Text 'difftest3' is set on object 'Object Repository/SAKARA/Page_Sakara Life - Shipping - Sakar/input_Gift card or discount co'

2019-05-07 18:13:50 - [MESSAGE][PASSED] - Text 'difftest3' is set on object 'Object Repository/SAKARA/Page_Sakara Life - Shipping - Sakar/input_Gift card or discount co'

2019-05-07 18:13:50 - [TEST_STEP][PASSED] - click(findTestObject("Object Repository/SAKARA/Page_Sakara Life - Shipping - Sakar/button_Apply")): Object: 'Object Repository/SAKARA/Page_Sakara Life - Shipping - Sakar/button_Apply' is clicked on

2019-05-07 18:13:52 - [MESSAGE][PASSED] - Object: 'Object Repository/SAKARA/Page_Sakara Life - Shipping - Sakar/button_Apply' is clicked on

2019-05-07 18:13:52 - [TEST_STEP][PASSED] - delay(2): Delayed 2 second(s)

2019-05-07 18:13:54 - [MESSAGE][PASSED] - Delayed 2 second(s)

2019-05-07 18:13:54 - [TEST_STEP][PASSED] - click(findTestObject("Object Repository/SAKARA/Page_Sakara Life - Shipping - Sakar/input_Choose a shipping method")): Object: 'Object Repository/SAKARA/Page_Sakara Life - Shipping - Sakar/input_Choose a shipping method' is clicked on

2019-05-07 18:13:56 - [MESSAGE][PASSED] - Object: 'Object Repository/SAKARA/Page_Sakara Life - Shipping - Sakar/input_Choose a shipping method' is clicked on

2019-05-07 18:13:56 - [TEST_STEP][PASSED] - delay(2): Delayed 2 second(s)

2019-05-07 18:13:58 - [MESSAGE][PASSED] - Delayed 2 second(s)

2019-05-07 18:13:58 - [TEST_STEP][PASSED] - click(findTestObject("Object Repository/SAKARA/Page_Sakara Life - Shipping - Sakar/button_Continue to payment met")): Object: 'Object Repository/SAKARA/Page_Sakara Life - Shipping - Sakar/button_Continue to payment met' is clicked on

2019-05-07 18:14:04 - [MESSAGE][PASSED] - Object: 'Object Repository/SAKARA/Page_Sakara Life - Shipping - Sakar/button_Continue to payment met' is clicked on

2019-05-07 18:14:04 - [TEST_STEP][PASSED] - comment(" Test case passed "):  Test case passed 

2019-05-07 18:14:04 - [MESSAGE][INFO] -  Test case passed]]></system-out>
         <system-err><![CDATA[]]></system-err>
      </testcase>
      <testcase name="Test Cases/CRITICAL PATH/Price comparison" classname="Test Cases/CRITICAL PATH/Price comparison" status="PASSED">
         <system-out><![CDATA[2019-05-07 18:14:04 - [TEST_CASE][PASSED] - Test Cases/CRITICAL PATH/Price comparison: Test Cases/CRITICAL PATH/Price comparison

2019-05-07 18:14:04 - [TEST_STEP][PASSED] - openBrowser(""): Browser is opened with url: ''

2019-05-07 18:14:04 - [MESSAGE][WARNING] - A browser is already opened. Closing browser and opening a new one

2019-05-07 18:14:05 - [MESSAGE][INFO] - Starting 'Chrome' driver

2019-05-07 18:14:08 - [MESSAGE][PASSED] - Browser is opened with url: ''

2019-05-07 18:14:08 - [TEST_STEP][PASSED] - navigateToUrl("https://www.sakara.com/"): Navigate to 'https://www.sakara.com/' successfully

2019-05-07 18:14:13 - [MESSAGE][PASSED] - Navigate to 'https://www.sakara.com/' successfully

2019-05-07 18:14:13 - [TEST_STEP][PASSED] - maximizeWindow(): Current window maximized

2019-05-07 18:14:15 - [MESSAGE][PASSED] - Current window maximized

2019-05-07 18:14:15 - [TEST_STEP][PASSED] - click(findTestObject("SAKARA/Page_100 plant-based organic ready-/div_Create an account_privy-di")): Object: 'Object Repository/SAKARA/Page_100 plant-based organic ready-/div_Create an account_privy-di' is clicked on

2019-05-07 18:14:25 - [MESSAGE][PASSED] - Object: 'Object Repository/SAKARA/Page_100 plant-based organic ready-/div_Create an account_privy-di' is clicked on

2019-05-07 18:14:25 - [TEST_STEP][PASSED] - click(findTestObject("SAKARA/Page_100 plant-based organic ready-/a_Next Weeks Menu")): Object: 'Object Repository/SAKARA/Page_100 plant-based organic ready-/a_Next Weeks Menu' is clicked on

2019-05-07 18:14:29 - [MESSAGE][PASSED] - Object: 'Object Repository/SAKARA/Page_100 plant-based organic ready-/a_Next Weeks Menu' is clicked on

2019-05-07 18:14:29 - [TEST_STEP][PASSED] - click(findTestObject("SAKARA/Page_Next weeks menu  Sakara Life/a_Order Now")): Object: 'Object Repository/SAKARA/Page_Next weeks menu  Sakara Life/a_Order Now' is clicked on

2019-05-07 18:14:32 - [MESSAGE][PASSED] - Object: 'Object Repository/SAKARA/Page_Next weeks menu  Sakara Life/a_Order Now' is clicked on

2019-05-07 18:14:32 - [TEST_STEP][PASSED] - setText(findTestObject("SAKARA/Page_OMD Order  Sakara Life/input"), "07057"): Text '07057' is set on object 'Object Repository/SAKARA/Page_OMD Order  Sakara Life/input'

2019-05-07 18:14:36 - [MESSAGE][PASSED] - Text '07057' is set on object 'Object Repository/SAKARA/Page_OMD Order  Sakara Life/input'

2019-05-07 18:14:36 - [TEST_STEP][PASSED] - click(findTestObject("SAKARA/Page_OMD Order  Sakara Life/span_Program Length_o-radio__c")): Object: 'Object Repository/SAKARA/Page_OMD Order  Sakara Life/span_Program Length_o-radio__c' is clicked on

2019-05-07 18:14:39 - [MESSAGE][PASSED] - Object: 'Object Repository/SAKARA/Page_OMD Order  Sakara Life/span_Program Length_o-radio__c' is clicked on

2019-05-07 18:14:39 - [TEST_STEP][PASSED] - click(findTestObject("SAKARA/Page_OMD Order  Sakara Life/span_Weekly Subscription_o-rad")): Object: 'Object Repository/SAKARA/Page_OMD Order  Sakara Life/span_Weekly Subscription_o-rad' is clicked on

2019-05-07 18:14:41 - [MESSAGE][PASSED] - Object: 'Object Repository/SAKARA/Page_OMD Order  Sakara Life/span_Weekly Subscription_o-rad' is clicked on

2019-05-07 18:14:41 - [TEST_STEP][PASSED] - selectOptionByValue(findTestObject("SAKARA/Page_OMD Order  Sakara Life/select_Monday May 13thMonday M"), "Mon May 20 2019 00:00:00 GMT-0400", true): All options with value 'Mon May 20 2019 00:00:00 GMT-0400' are selected in object 'Object Repository/SAKARA/Page_OMD Order  Sakara Life/select_Monday May 13thMonday M'  using regular expression

2019-05-07 18:14:57 - [MESSAGE][PASSED] - All options with value 'Mon May 20 2019 00:00:00 GMT-0400' are selected in object 'Object Repository/SAKARA/Page_OMD Order  Sakara Life/select_Monday May 13thMonday M'  using regular expression

2019-05-07 18:14:57 - [TEST_STEP][PASSED] - click(findTestObject("SAKARA/Page_OMD Order  Sakara Life/button_Add to cart")): Object: 'Object Repository/SAKARA/Page_OMD Order  Sakara Life/button_Add to cart' is clicked on

2019-05-07 18:14:59 - [MESSAGE][PASSED] - Object: 'Object Repository/SAKARA/Page_OMD Order  Sakara Life/button_Add to cart' is clicked on

2019-05-07 18:14:59 - [TEST_STEP][PASSED] - click(findTestObject("SAKARA/Page_OMD Order  Sakara Life/span_Daily Probiotics_o-radio_")): Object: 'Object Repository/SAKARA/Page_OMD Order  Sakara Life/span_Daily Probiotics_o-radio_' is clicked on

2019-05-07 18:15:01 - [MESSAGE][PASSED] - Object: 'Object Repository/SAKARA/Page_OMD Order  Sakara Life/span_Daily Probiotics_o-radio_' is clicked on

2019-05-07 18:15:01 - [TEST_STEP][PASSED] - click(findTestObject("SAKARA/Page_OMD Order  Sakara Life/span_Beauty Chocolates_o-radio")): Object: 'Object Repository/SAKARA/Page_OMD Order  Sakara Life/span_Beauty Chocolates_o-radio' is clicked on

2019-05-07 18:15:03 - [MESSAGE][PASSED] - Object: 'Object Repository/SAKARA/Page_OMD Order  Sakara Life/span_Beauty Chocolates_o-radio' is clicked on

2019-05-07 18:15:03 - [TEST_STEP][PASSED] - click(findTestObject("SAKARA/Page_OMD Order  Sakara Life/span_Program Supplement_o-radi")): Object: 'Object Repository/SAKARA/Page_OMD Order  Sakara Life/span_Program Supplement_o-radi' is clicked on

2019-05-07 18:15:05 - [MESSAGE][PASSED] - Object: 'Object Repository/SAKARA/Page_OMD Order  Sakara Life/span_Program Supplement_o-radi' is clicked on

2019-05-07 18:15:05 - [TEST_STEP][PASSED] - click(findTestObject("Object Repository/SAKARA/Page_OMD Order  Sakara Life/span_Terms  Conditions_o-icon")): Object: 'Object Repository/SAKARA/Page_OMD Order  Sakara Life/span_Terms  Conditions_o-icon' is clicked on

2019-05-07 18:15:07 - [MESSAGE][PASSED] - Object: 'Object Repository/SAKARA/Page_OMD Order  Sakara Life/span_Terms  Conditions_o-icon' is clicked on

2019-05-07 18:15:07 - [TEST_STEP][PASSED] - click(findTestObject("Object Repository/SAKARA/Page_OMD Order  Sakara Life/a_Shop Clean Boutique")): Object: 'Object Repository/SAKARA/Page_OMD Order  Sakara Life/a_Shop Clean Boutique' is clicked on

2019-05-07 18:15:11 - [MESSAGE][PASSED] - Object: 'Object Repository/SAKARA/Page_OMD Order  Sakara Life/a_Shop Clean Boutique' is clicked on

2019-05-07 18:15:11 - [TEST_STEP][PASSED] - click(findTestObject("Object Repository/SAKARA/Page_Clean Boutique  Sakara Life/span_Snacks")): Object: 'Object Repository/SAKARA/Page_Clean Boutique  Sakara Life/span_Snacks' is clicked on

2019-05-07 18:15:14 - [MESSAGE][PASSED] - Object: 'Object Repository/SAKARA/Page_Clean Boutique  Sakara Life/span_Snacks' is clicked on

2019-05-07 18:15:14 - [TEST_STEP][PASSED] - click(findTestObject("SAKARA/Page_Clean Boutique  Sakara Life/img_Add to cart_c-product-tile")): Object: 'Object Repository/SAKARA/Page_Clean Boutique  Sakara Life/img_Add to cart_c-product-tile' is clicked on

2019-05-07 18:15:18 - [MESSAGE][PASSED] - Object: 'Object Repository/SAKARA/Page_Clean Boutique  Sakara Life/img_Add to cart_c-product-tile' is clicked on

2019-05-07 18:15:18 - [TEST_STEP][PASSED] - click(findTestObject("Object Repository/SAKARA/Page_The Sakara Granola Collection/button_48  Add to cart")): Object: 'Object Repository/SAKARA/Page_The Sakara Granola Collection/button_48  Add to cart' is clicked on

2019-05-07 18:15:20 - [MESSAGE][PASSED] - Object: 'Object Repository/SAKARA/Page_The Sakara Granola Collection/button_48  Add to cart' is clicked on

2019-05-07 18:15:20 - [TEST_STEP][PASSED] - a = getText(findTestObject("Object Repository/SAKARA/Page_The Sakara Granola Collection/div_48")): Text of object 'Object Repository/SAKARA/Page_The Sakara Granola Collection/div_48' is: '$48'

2019-05-07 18:15:22 - [MESSAGE][PASSED] - Text of object 'Object Repository/SAKARA/Page_The Sakara Granola Collection/div_48' is: '$48'

2019-05-07 18:15:22 - [TEST_STEP][PASSED] - comment("a=" + a): a=$48

2019-05-07 18:15:22 - [MESSAGE][INFO] - a=$48

2019-05-07 18:15:22 - [TEST_STEP][PASSED] - b = getText(findTestObject("Object Repository/SAKARA/Page_The Sakara Granola Collection/div_239")): Text of object 'Object Repository/SAKARA/Page_The Sakara Granola Collection/div_239' is: '$255'

2019-05-07 18:15:24 - [MESSAGE][PASSED] - Text of object 'Object Repository/SAKARA/Page_The Sakara Granola Collection/div_239' is: '$255'

2019-05-07 18:15:24 - [TEST_STEP][PASSED] - comment("b=" + b): b=$255

2019-05-07 18:15:24 - [MESSAGE][INFO] - b=$255

2019-05-07 18:15:24 - [TEST_STEP][NOT_RUN] - click(findTestObject("Object Repository/SAKARA/Page_The Sakara Granola Collection/div_3-Day Organic Meal Deliver")): NOT_RUN: click(findTestObject("Object Repository/SAKARA/Page_The Sakara Granola Collection/div_3-Day Organic Meal Deliver"))

2019-05-07 18:15:24 - [MESSAGE][NOT_RUN] - NOT_RUN: click(findTestObject("Object Repository/SAKARA/Page_The Sakara Granola Collection/div_3-Day Organic Meal Deliver"))

2019-05-07 18:15:24 - [TEST_STEP][NOT_RUN] - click(findTestObject("SAKARA/Page_The Sakara Granola Collection/div_The Granola Collection 48")): NOT_RUN: click(findTestObject("SAKARA/Page_The Sakara Granola Collection/div_The Granola Collection 48"))

2019-05-07 18:15:24 - [MESSAGE][NOT_RUN] - NOT_RUN: click(findTestObject("SAKARA/Page_The Sakara Granola Collection/div_The Granola Collection 48"))

2019-05-07 18:15:24 - [TEST_STEP][PASSED] - total = getText(findTestObject("Object Repository/SAKARA/Page_The Sakara Granola Collection/span_287")): Text of object 'Object Repository/SAKARA/Page_The Sakara Granola Collection/span_287' is: '$303'

2019-05-07 18:15:26 - [MESSAGE][PASSED] - Text of object 'Object Repository/SAKARA/Page_The Sakara Granola Collection/span_287' is: '$303'

2019-05-07 18:15:26 - [TEST_STEP][PASSED] - comment("total=" + total): total=$303

2019-05-07 18:15:26 - [MESSAGE][INFO] - total=$303

2019-05-07 18:15:26 - [TEST_STEP][PASSED] - p1 = a.substring(1): null

2019-05-07 18:15:26 - [TEST_STEP][PASSED] - comment("p1=" + p1): p1=48

2019-05-07 18:15:26 - [MESSAGE][INFO] - p1=48

2019-05-07 18:15:26 - [TEST_STEP][PASSED] - p2 = b.substring(1): null

2019-05-07 18:15:26 - [TEST_STEP][PASSED] - comment("p2=" + p2): p2=255

2019-05-07 18:15:26 - [MESSAGE][INFO] - p2=255

2019-05-07 18:15:26 - [TEST_STEP][PASSED] - total1 = total.substring(1): null

2019-05-07 18:15:26 - [TEST_STEP][PASSED] - comment("total1=" + total1): total1=303

2019-05-07 18:15:26 - [MESSAGE][INFO] - total1=303

2019-05-07 18:15:26 - [TEST_STEP][PASSED] - prod1 = <not implemented yet for class: org.codehaus.groovy.ast.expr.EmptyExpression>: null

2019-05-07 18:15:26 - [TEST_STEP][PASSED] - prod2 = <not implemented yet for class: org.codehaus.groovy.ast.expr.EmptyExpression>: null

2019-05-07 18:15:26 - [TEST_STEP][PASSED] - finalamount = <not implemented yet for class: org.codehaus.groovy.ast.expr.EmptyExpression>: null

2019-05-07 18:15:26 - [TEST_STEP][PASSED] - try: prod1=48.0

2019-05-07 18:15:26 - [TEST_STEP][PASSED] - p11 = p1: null

2019-05-07 18:15:26 - [TEST_STEP][PASSED] - comment("p11=" + p11): p11=48

2019-05-07 18:15:26 - [MESSAGE][INFO] - p11=48

2019-05-07 18:15:26 - [TEST_STEP][PASSED] - prod1 = Double.valueOf(p11): null

2019-05-07 18:15:26 - [TEST_STEP][PASSED] - comment("prod1=" + prod1): prod1=48.0

2019-05-07 18:15:26 - [MESSAGE][INFO] - prod1=48.0

2019-05-07 18:15:26 - [TEST_STEP][PASSED] - try: prod2=255.0

2019-05-07 18:15:26 - [TEST_STEP][PASSED] - p22 = p2: null

2019-05-07 18:15:26 - [TEST_STEP][PASSED] - comment("p22=" + p22): p22=255

2019-05-07 18:15:26 - [MESSAGE][INFO] - p22=255

2019-05-07 18:15:26 - [TEST_STEP][PASSED] - prod2 = Double.valueOf(p22): null

2019-05-07 18:15:26 - [TEST_STEP][PASSED] - comment("prod2=" + prod2): prod2=255.0

2019-05-07 18:15:26 - [MESSAGE][INFO] - prod2=255.0

2019-05-07 18:15:26 - [TEST_STEP][PASSED] - try: finalamount=303.0

2019-05-07 18:15:26 - [TEST_STEP][PASSED] - p23 = total1: null

2019-05-07 18:15:26 - [TEST_STEP][PASSED] - comment("p23=" + p23): p23=303

2019-05-07 18:15:26 - [MESSAGE][INFO] - p23=303

2019-05-07 18:15:26 - [TEST_STEP][PASSED] - finalamount = Double.valueOf(p23): null

2019-05-07 18:15:26 - [TEST_STEP][PASSED] - comment("finalamount=" + finalamount): finalamount=303.0

2019-05-07 18:15:26 - [MESSAGE][INFO] - finalamount=303.0

2019-05-07 18:15:26 - [TEST_STEP][PASSED] - sum = prod1 + prod2: null

2019-05-07 18:15:26 - [TEST_STEP][PASSED] - comment("sum=" + sum): sum=303

2019-05-07 18:15:26 - [MESSAGE][INFO] - sum=303

2019-05-07 18:15:26 - [TEST_STEP][PASSED] - flag = verifyEqual(sum, finalamount): Actual object '303' and expected object '303' are equal

2019-05-07 18:15:26 - [MESSAGE][PASSED] - Actual object '303' and expected object '303' are equal

2019-05-07 18:15:26 - [TEST_STEP][PASSED] - comment("flag=" + flag): flag=true

2019-05-07 18:15:26 - [MESSAGE][INFO] - flag=true

2019-05-07 18:15:26 - [TEST_STEP][PASSED] - if (flag == true): sum of th e products equal to the cart

2019-05-07 18:15:26 - [TEST_STEP][PASSED] - comment("sum of th e products equal to the cart"): sum of th e products equal to the cart

2019-05-07 18:15:26 - [MESSAGE][INFO] - sum of th e products equal to the cart

2019-05-07 18:15:26 - [TEST_STEP][PASSED] - click(findTestObject("SAKARA/Page_OMD Order  Sakara Life/a_checkout 255")): Object: 'Object Repository/SAKARA/Page_OMD Order  Sakara Life/a_checkout 255' is clicked on

2019-05-07 18:15:28 - [MESSAGE][PASSED] - Object: 'Object Repository/SAKARA/Page_OMD Order  Sakara Life/a_checkout 255' is clicked on

2019-05-07 18:15:28 - [TEST_STEP][PASSED] - setText(findTestObject("SAKARA/Page_OMD Order  Sakara Life/input_Sign in to continue_cust"), "suman.kompelly@diffagency.com"): Text 'suman.kompelly@diffagency.com' is set on object 'Object Repository/SAKARA/Page_OMD Order  Sakara Life/input_Sign in to continue_cust'

2019-05-07 18:15:32 - [MESSAGE][PASSED] - Text 'suman.kompelly@diffagency.com' is set on object 'Object Repository/SAKARA/Page_OMD Order  Sakara Life/input_Sign in to continue_cust'

2019-05-07 18:15:32 - [TEST_STEP][PASSED] - setEncryptedText(findTestObject("SAKARA/Page_OMD Order  Sakara Life/input_Sign in to continue_cust_1"), "ku0iAkODgX0="): Text ****** has been set on object 'Object Repository/SAKARA/Page_OMD Order  Sakara Life/input_Sign in to continue_cust_1'

2019-05-07 18:15:35 - [MESSAGE][PASSED] - Text ****** has been set on object 'Object Repository/SAKARA/Page_OMD Order  Sakara Life/input_Sign in to continue_cust_1'

2019-05-07 18:15:35 - [TEST_STEP][PASSED] - setEncryptedText(findTestObject("SAKARA/Page_OMD Order  Sakara Life/input_Sign in to continue_cust_2"), "+YAmoKIyHZA="): Text ****** has been set on object 'Object Repository/SAKARA/Page_OMD Order  Sakara Life/input_Sign in to continue_cust_2'

2019-05-07 18:15:38 - [MESSAGE][PASSED] - Text ****** has been set on object 'Object Repository/SAKARA/Page_OMD Order  Sakara Life/input_Sign in to continue_cust_2'

2019-05-07 18:15:38 - [TEST_STEP][PASSED] - setEncryptedText(findTestObject("SAKARA/Page_OMD Order  Sakara Life/input_Sign in to continue_cust_3"), "Y4IGv/qOF9E="): Text ****** has been set on object 'Object Repository/SAKARA/Page_OMD Order  Sakara Life/input_Sign in to continue_cust_3'

2019-05-07 18:15:41 - [MESSAGE][PASSED] - Text ****** has been set on object 'Object Repository/SAKARA/Page_OMD Order  Sakara Life/input_Sign in to continue_cust_3'

2019-05-07 18:15:41 - [TEST_STEP][PASSED] - setEncryptedText(findTestObject("SAKARA/Page_OMD Order  Sakara Life/input_Sign in to continue_cust_4"), "Z+t+WaCK0tE="): Text ****** has been set on object 'Object Repository/SAKARA/Page_OMD Order  Sakara Life/input_Sign in to continue_cust_4'

2019-05-07 18:15:44 - [MESSAGE][PASSED] - Text ****** has been set on object 'Object Repository/SAKARA/Page_OMD Order  Sakara Life/input_Sign in to continue_cust_4'

2019-05-07 18:15:44 - [TEST_STEP][PASSED] - setEncryptedText(findTestObject("SAKARA/Page_OMD Order  Sakara Life/input_Sign in to continue_cust_5"), "VHIhYbO/Pz0="): Text ****** has been set on object 'Object Repository/SAKARA/Page_OMD Order  Sakara Life/input_Sign in to continue_cust_5'

2019-05-07 18:15:47 - [MESSAGE][PASSED] - Text ****** has been set on object 'Object Repository/SAKARA/Page_OMD Order  Sakara Life/input_Sign in to continue_cust_5'

2019-05-07 18:15:47 - [TEST_STEP][PASSED] - setEncryptedText(findTestObject("SAKARA/Page_OMD Order  Sakara Life/input_Sign in to continue_cust_6"), "Owe2tHMEmLw="): Text ****** has been set on object 'Object Repository/SAKARA/Page_OMD Order  Sakara Life/input_Sign in to continue_cust_6'

2019-05-07 18:15:51 - [MESSAGE][PASSED] - Text ****** has been set on object 'Object Repository/SAKARA/Page_OMD Order  Sakara Life/input_Sign in to continue_cust_6'

2019-05-07 18:15:51 - [TEST_STEP][PASSED] - setEncryptedText(findTestObject("SAKARA/Page_OMD Order  Sakara Life/input_Sign in to continue_cust_7"), "CzGugaxDM48="): Text ****** has been set on object 'Object Repository/SAKARA/Page_OMD Order  Sakara Life/input_Sign in to continue_cust_7'

2019-05-07 18:15:54 - [MESSAGE][PASSED] - Text ****** has been set on object 'Object Repository/SAKARA/Page_OMD Order  Sakara Life/input_Sign in to continue_cust_7'

2019-05-07 18:15:54 - [TEST_STEP][PASSED] - setEncryptedText(findTestObject("SAKARA/Page_OMD Order  Sakara Life/input_Sign in to continue_cust_8"), "YVtWHtdGuqHezI4GDEXwSQ=="): Text ****** has been set on object 'Object Repository/SAKARA/Page_OMD Order  Sakara Life/input_Sign in to continue_cust_8'

2019-05-07 18:15:57 - [MESSAGE][PASSED] - Text ****** has been set on object 'Object Repository/SAKARA/Page_OMD Order  Sakara Life/input_Sign in to continue_cust_8'

2019-05-07 18:15:57 - [TEST_STEP][PASSED] - setEncryptedText(findTestObject("SAKARA/Page_OMD Order  Sakara Life/input_Sign in to continue_cust_9"), "YVtWHtdGuqG0avsQGIiYAQ=="): Text ****** has been set on object 'Object Repository/SAKARA/Page_OMD Order  Sakara Life/input_Sign in to continue_cust_9'

2019-05-07 18:16:00 - [MESSAGE][PASSED] - Text ****** has been set on object 'Object Repository/SAKARA/Page_OMD Order  Sakara Life/input_Sign in to continue_cust_9'

2019-05-07 18:16:00 - [TEST_STEP][PASSED] - setEncryptedText(findTestObject("SAKARA/Page_OMD Order  Sakara Life/input_Sign in to continue_cust_10"), "YVtWHtdGuqHfOZKsa+65Fg=="): Text ****** has been set on object 'Object Repository/SAKARA/Page_OMD Order  Sakara Life/input_Sign in to continue_cust_10'

2019-05-07 18:16:03 - [MESSAGE][PASSED] - Text ****** has been set on object 'Object Repository/SAKARA/Page_OMD Order  Sakara Life/input_Sign in to continue_cust_10'

2019-05-07 18:16:03 - [TEST_STEP][PASSED] - setEncryptedText(findTestObject("SAKARA/Page_OMD Order  Sakara Life/input_Sign in to continue_cust_11"), "YVtWHtdGuqHfOZKsa+65Fg=="): Text ****** has been set on object 'Object Repository/SAKARA/Page_OMD Order  Sakara Life/input_Sign in to continue_cust_11'

2019-05-07 18:16:06 - [MESSAGE][PASSED] - Text ****** has been set on object 'Object Repository/SAKARA/Page_OMD Order  Sakara Life/input_Sign in to continue_cust_11'

2019-05-07 18:16:06 - [TEST_STEP][PASSED] - click(findTestObject("SAKARA/Page_OMD Order  Sakara Life/button_Continue Checkout")): Object: 'Object Repository/SAKARA/Page_OMD Order  Sakara Life/button_Continue Checkout' is clicked on

2019-05-07 18:16:08 - [MESSAGE][PASSED] - Object: 'Object Repository/SAKARA/Page_OMD Order  Sakara Life/button_Continue Checkout' is clicked on

2019-05-07 18:16:08 - [TEST_STEP][PASSED] - setText(findTestObject("SAKARA/Page_Sakara Life - Information - Sa/input_First name_checkoutshipp"), "suman"): Text 'suman' is set on object 'Object Repository/SAKARA/Page_Sakara Life - Information - Sa/input_First name_checkoutshipp'

2019-05-07 18:16:18 - [MESSAGE][PASSED] - Text 'suman' is set on object 'Object Repository/SAKARA/Page_Sakara Life - Information - Sa/input_First name_checkoutshipp'

2019-05-07 18:16:18 - [TEST_STEP][PASSED] - setText(findTestObject("SAKARA/Page_Sakara Life - Information - Sa/input_Last name_checkoutshippi"), "kompelly"): Text 'kompelly' is set on object 'Object Repository/SAKARA/Page_Sakara Life - Information - Sa/input_Last name_checkoutshippi'

2019-05-07 18:16:22 - [MESSAGE][PASSED] - Text 'kompelly' is set on object 'Object Repository/SAKARA/Page_Sakara Life - Information - Sa/input_Last name_checkoutshippi'

2019-05-07 18:16:22 - [TEST_STEP][PASSED] - setText(findTestObject("SAKARA/Page_Sakara Life - Information - Sa/input_Company (optional)_check"), "diff"): Text 'diff' is set on object 'Object Repository/SAKARA/Page_Sakara Life - Information - Sa/input_Company (optional)_check'

2019-05-07 18:16:26 - [MESSAGE][PASSED] - Text 'diff' is set on object 'Object Repository/SAKARA/Page_Sakara Life - Information - Sa/input_Company (optional)_check'

2019-05-07 18:16:26 - [TEST_STEP][PASSED] - setText(findTestObject("SAKARA/Page_Sakara Life - Information - Sa/input_Address_checkoutshipping"), "399 saint alxendre"): Text '399 saint alxendre' is set on object 'Object Repository/SAKARA/Page_Sakara Life - Information - Sa/input_Address_checkoutshipping'

2019-05-07 18:16:30 - [MESSAGE][PASSED] - Text '399 saint alxendre' is set on object 'Object Repository/SAKARA/Page_Sakara Life - Information - Sa/input_Address_checkoutshipping'

2019-05-07 18:16:30 - [TEST_STEP][PASSED] - setText(findTestObject("SAKARA/Page_Sakara Life - Information - Sa/input_Apartment suite etc. (op"), "199"): Text '199' is set on object 'Object Repository/SAKARA/Page_Sakara Life - Information - Sa/input_Apartment suite etc. (op'

2019-05-07 18:16:34 - [MESSAGE][PASSED] - Text '199' is set on object 'Object Repository/SAKARA/Page_Sakara Life - Information - Sa/input_Apartment suite etc. (op'

2019-05-07 18:16:34 - [TEST_STEP][PASSED] - setText(findTestObject("SAKARA/Page_Sakara Life - Information - Sa/input_City_checkoutshipping_ad"), "montreal"): Text 'montreal' is set on object 'Object Repository/SAKARA/Page_Sakara Life - Information - Sa/input_City_checkoutshipping_ad'

2019-05-07 18:16:39 - [MESSAGE][PASSED] - Text 'montreal' is set on object 'Object Repository/SAKARA/Page_Sakara Life - Information - Sa/input_City_checkoutshipping_ad'

2019-05-07 18:16:39 - [TEST_STEP][PASSED] - selectOptionByValue(findTestObject("SAKARA/Page_Sakara Life - Information - Sa/select_StateAlabamaAlaskaAmeri"), "NJ", true): All options with value 'NJ' are selected in object 'Object Repository/SAKARA/Page_Sakara Life - Information - Sa/select_StateAlabamaAlaskaAmeri'  using regular expression

2019-05-07 18:18:27 - [MESSAGE][PASSED] - All options with value 'NJ' are selected in object 'Object Repository/SAKARA/Page_Sakara Life - Information - Sa/select_StateAlabamaAlaskaAmeri'  using regular expression

2019-05-07 18:18:27 - [TEST_STEP][PASSED] - setText(findTestObject("SAKARA/Page_Sakara Life - Information - Sa/input_ZIP code_checkoutshippin"), "07057"): Text '07057' is set on object 'Object Repository/SAKARA/Page_Sakara Life - Information - Sa/input_ZIP code_checkoutshippin'

2019-05-07 18:18:31 - [MESSAGE][PASSED] - Text '07057' is set on object 'Object Repository/SAKARA/Page_Sakara Life - Information - Sa/input_ZIP code_checkoutshippin'

2019-05-07 18:18:31 - [TEST_STEP][PASSED] - setText(findTestObject("SAKARA/Page_Sakara Life - Information - Sa/input_Phone_checkoutshipping_a"), "(514) 449-3882"): Text '(514) 449-3882' is set on object 'Object Repository/SAKARA/Page_Sakara Life - Information - Sa/input_Phone_checkoutshipping_a'

2019-05-07 18:18:35 - [MESSAGE][PASSED] - Text '(514) 449-3882' is set on object 'Object Repository/SAKARA/Page_Sakara Life - Information - Sa/input_Phone_checkoutshipping_a'

2019-05-07 18:18:35 - [TEST_STEP][PASSED] - click(findTestObject("SAKARA/Page_Sakara Life - Information - Sa/button_Continue to shipping me")): Object: 'Object Repository/SAKARA/Page_Sakara Life - Information - Sa/button_Continue to shipping me' is clicked on

2019-05-07 18:18:37 - [MESSAGE][PASSED] - Object: 'Object Repository/SAKARA/Page_Sakara Life - Information - Sa/button_Continue to shipping me' is clicked on

2019-05-07 18:18:37 - [TEST_STEP][PASSED] - setText(findTestObject("SAKARA/Page_Sakara Life - Shipping - Sakar/input_Gift card or discount co"), "difftest3"): Text 'difftest3' is set on object 'Object Repository/SAKARA/Page_Sakara Life - Shipping - Sakar/input_Gift card or discount co'

2019-05-07 18:18:43 - [MESSAGE][PASSED] - Text 'difftest3' is set on object 'Object Repository/SAKARA/Page_Sakara Life - Shipping - Sakar/input_Gift card or discount co'

2019-05-07 18:18:43 - [TEST_STEP][PASSED] - click(findTestObject("SAKARA/Page_Sakara Life - Shipping - Sakar/button_Apply")): Object: 'Object Repository/SAKARA/Page_Sakara Life - Shipping - Sakar/button_Apply' is clicked on

2019-05-07 18:18:45 - [MESSAGE][PASSED] - Object: 'Object Repository/SAKARA/Page_Sakara Life - Shipping - Sakar/button_Apply' is clicked on

2019-05-07 18:18:45 - [TEST_STEP][PASSED] - click(findTestObject("SAKARA/Page_Sakara Life - Shipping - Sakar/input_Choose a shipping method")): Object: 'Object Repository/SAKARA/Page_Sakara Life - Shipping - Sakar/input_Choose a shipping method' is clicked on

2019-05-07 18:18:49 - [MESSAGE][PASSED] - Object: 'Object Repository/SAKARA/Page_Sakara Life - Shipping - Sakar/input_Choose a shipping method' is clicked on

2019-05-07 18:18:49 - [TEST_STEP][PASSED] - delay(2): Delayed 2 second(s)

2019-05-07 18:18:51 - [MESSAGE][PASSED] - Delayed 2 second(s)

2019-05-07 18:18:51 - [TEST_STEP][PASSED] - click(findTestObject("SAKARA/Page_Sakara Life - Shipping - Sakar/button_Continue to payment met")): Object: 'Object Repository/SAKARA/Page_Sakara Life - Shipping - Sakar/button_Continue to payment met' is clicked on

2019-05-07 18:18:56 - [MESSAGE][PASSED] - Object: 'Object Repository/SAKARA/Page_Sakara Life - Shipping - Sakar/button_Continue to payment met' is clicked on

2019-05-07 18:18:56 - [TEST_STEP][NOT_RUN] - click(findTestObject("Page_Sakara Life - Payment - Sakara/button_Complete order")): NOT_RUN: click(findTestObject("Page_Sakara Life - Payment - Sakara/button_Complete order"))

2019-05-07 18:18:56 - [MESSAGE][NOT_RUN] - NOT_RUN: click(findTestObject("Page_Sakara Life - Payment - Sakara/button_Complete order"))

2019-05-07 18:18:56 - [TEST_STEP][PASSED] - comment(" Test case passed "):  Test case passed 

2019-05-07 18:18:56 - [MESSAGE][INFO] -  Test case passed]]></system-out>
         <system-err><![CDATA[]]></system-err>
      </testcase>
      <system-out><![CDATA[2019-05-07 18:04:47 - [TEST_SUITE][PASSED] - CRITICAL PATH - 07-05-2019: Test Cases/CRITICAL PATH/Price comparison]]></system-out>
      <system-err><![CDATA[]]></system-err>
   </testsuite>
</testsuites>
